<?xml version="1.0" encoding="UTF-8"?>
<!-- Generated by org.testng.reporters.JUnitXMLReporter -->
<testsuite ignored="0" hostname="DESKTOP-H1FD7QU" failures="1" tests="1" name="Test" time="0.158" errors="0" timestamp="2024-01-24T11:46:01 IST">
  <testcase classname="Practice.ExtentReports.ExtentReportDemo" name="initDemo" time="0.019">
    <failure type="java.lang.NullPointerException" message="Cannot invoke &amp;quot;com.aventstack.extentreports.ExtentReports.createTest(String)&amp;quot; because &amp;quot;this.extent&amp;quot; is null">
      <![CDATA[java.lang.NullPointerException: Cannot invoke "com.aventstack.extentreports.ExtentReports.createTest(String)" because "this.extent" is null
at Practice.ExtentReports.ExtentReportDemo.initDemo(ExtentReportDemo.java:22)
at java.base/java.util.ArrayList.forEach(ArrayList.java:1511)
... Removed 27 stack frames]]>
    </failure>
  </testcase> <!-- initDemo -->
</testsuite> <!-- Test -->
